#-----------------------------------------------------------
# Vivado v2019.2 (64-bit)
# SW Build 2708876 on Wed Nov  6 21:40:23 MST 2019
# IP Build 2700528 on Thu Nov  7 00:09:20 MST 2019
# Start of session at: Wed Apr 22 23:38:00 2020
# Process ID: 18024
# Current directory: E:/Repository/MyIPcoreLib/FPGA-IPcore-Library/BlinkLED
# Command line: vivado.exe -gui_launcher_event rodinguilauncherevent10524 E:\Repository\MyIPcoreLib\FPGA-IPcore-Library\BlinkLED\BlinkLED.xpr
# Log file: E:/Repository/MyIPcoreLib/FPGA-IPcore-Library/BlinkLED/vivado.log
# Journal file: E:/Repository/MyIPcoreLib/FPGA-IPcore-Library/BlinkLED\vivado.jou
#-----------------------------------------------------------
start_gui
open_project E:/Repository/MyIPcoreLib/FPGA-IPcore-Library/BlinkLED/BlinkLED.xpr
Scanning sources...
Finished scanning sources
INFO: [IP_Flow 19-234] Refreshing IP repositories
INFO: [IP_Flow 19-1704] No user IP repositories specified
INFO: [IP_Flow 19-2313] Loaded Vivado IP repository 'C:/Xilinx/Vivado/2019.2/data/ip'.
open_project: Time (s): cpu = 00:00:19 ; elapsed = 00:00:10 . Memory (MB): peak = 894.516 ; gain = 232.539
update_compile_order -fileset sources_1
ipx::package_project -root_dir e:/repository/myipcorelib/fpga-ipcore-library/blinkled/blinkled.srcs -vendor xilinx.com -library user -taxonomy /UserIP
INFO: [IP_Flow 19-5107] Inferred bus interface 'rst_n' of definition 'xilinx.com:signal:reset:1.0' (from Xilinx Repository).
INFO: [IP_Flow 19-4728] Bus Interface 'rst_n': Added interface parameter 'POLARITY' with value 'ACTIVE_LOW'.
WARNING: [IP_Flow 19-3157] Bus Interface 'rst_n': Bus parameter POLARITY is ACTIVE_LOW but port 'rst_n' is not *resetn - please double check the POLARITY setting.
INFO: [IP_Flow 19-2181] Payment Required is not set for this core.
INFO: [IP_Flow 19-2187] The Product Guide file is missing.
set_property core_revision 2 [ipx::current_core]
ipx::create_xgui_files [ipx::current_core]
ipx::update_checksums [ipx::current_core]
ipx::save_core [ipx::current_core]
set_property  ip_repo_paths  e:/repository/myipcorelib/fpga-ipcore-library/blinkled/blinkled.srcs [current_project]
update_ip_catalog
INFO: [IP_Flow 19-234] Refreshing IP repositories
INFO: [IP_Flow 19-1700] Loaded user IP repository 'e:/repository/myipcorelib/fpga-ipcore-library/blinkled/blinkled.srcs'.
exit
INFO: [Common 17-206] Exiting Vivado at Wed Apr 22 23:39:54 2020...
